0 info it worked if it ends with ok
1 verbose cli [ 'node', '/usr/local/bin/npm', 'install', '-g', 'mocha' ]
2 info using npm@1.3.24
3 info using node@v0.10.25
4 verbose cache add [ 'mocha', null ]
5 verbose cache add name=undefined spec="mocha" args=["mocha",null]
6 verbose parsed url { protocol: null,
6 verbose parsed url   slashes: null,
6 verbose parsed url   auth: null,
6 verbose parsed url   host: null,
6 verbose parsed url   port: null,
6 verbose parsed url   hostname: null,
6 verbose parsed url   hash: null,
6 verbose parsed url   search: null,
6 verbose parsed url   query: null,
6 verbose parsed url   pathname: 'mocha',
6 verbose parsed url   path: 'mocha',
6 verbose parsed url   href: 'mocha' }
7 silly lockFile a619da43-mocha mocha
8 verbose lock mocha /Users/Art/.npm/a619da43-mocha.lock
9 silly lockFile a619da43-mocha mocha
10 silly lockFile a619da43-mocha mocha
11 verbose addNamed [ 'mocha', '' ]
12 verbose addNamed [ null, '*' ]
13 silly lockFile b9899f31-mocha mocha@
14 verbose lock mocha@ /Users/Art/.npm/b9899f31-mocha.lock
15 silly addNameRange { name: 'mocha', range: '*', hasData: false }
16 verbose url raw mocha
17 verbose url resolving [ 'http://registry.npmjs.org/', './mocha' ]
18 verbose url resolved http://registry.npmjs.org/mocha
19 info trying registry request attempt 1 at 02:09:58
20 http GET http://registry.npmjs.org/mocha
21 http 200 http://registry.npmjs.org/mocha
22 silly registry.get cb [ 200,
22 silly registry.get   { server: 'CouchDB/1.5.0 (Erlang OTP/R16B)',
22 silly registry.get     etag: '"4AWKYQI7GD0PWI8CWYHUJI7OL"',
22 silly registry.get     'content-type': 'application/json',
22 silly registry.get     via: '1.1 varnish',
22 silly registry.get     'cache-control': 'max-age=1',
22 silly registry.get     'content-length': '82109',
22 silly registry.get     'accept-ranges': 'bytes',
22 silly registry.get     date: 'Sat, 08 Feb 2014 18:10:00 GMT',
22 silly registry.get     age: '43695',
22 silly registry.get     connection: 'keep-alive',
22 silly registry.get     'x-served-by': 'cache-v44-ASH, cache-ty66-TYO',
22 silly registry.get     'x-cache': 'MISS, HIT',
22 silly registry.get     'x-cache-hits': '0, 1',
22 silly registry.get     'x-timer': 'S1391839346.543590784,VS0,VS90,VE181,VE43653999',
22 silly registry.get     vary: 'Accept' } ]
23 silly addNameRange number 2 { name: 'mocha', range: '*', hasData: true }
24 silly addNameRange versions [ 'mocha',
24 silly addNameRange   [ '0.0.1-alpha1',
24 silly addNameRange     '0.0.1-alpha2',
24 silly addNameRange     '0.0.1-alpha3',
24 silly addNameRange     '0.0.1-alpha4',
24 silly addNameRange     '0.0.1-alpha5',
24 silly addNameRange     '0.0.1-alpha6',
24 silly addNameRange     '0.0.1',
24 silly addNameRange     '0.0.2',
24 silly addNameRange     '0.0.3',
24 silly addNameRange     '0.0.4',
24 silly addNameRange     '0.0.5',
24 silly addNameRange     '0.0.6',
24 silly addNameRange     '0.0.7',
24 silly addNameRange     '0.0.8',
24 silly addNameRange     '0.1.0',
24 silly addNameRange     '0.2.0',
24 silly addNameRange     '0.3.0',
24 silly addNameRange     '0.3.1',
24 silly addNameRange     '0.3.2',
24 silly addNameRange     '0.3.3',
24 silly addNameRange     '0.3.4',
24 silly addNameRange     '0.3.6',
24 silly addNameRange     '0.4.0',
24 silly addNameRange     '0.5.0',
24 silly addNameRange     '0.6.0',
24 silly addNameRange     '0.7.0',
24 silly addNameRange     '0.7.1',
24 silly addNameRange     '0.8.0',
24 silly addNameRange     '0.8.1',
24 silly addNameRange     '0.9.0',
24 silly addNameRange     '0.10.0',
24 silly addNameRange     '0.10.1',
24 silly addNameRange     '0.10.2',
24 silly addNameRange     '0.11.0',
24 silly addNameRange     '0.12.0',
24 silly addNameRange     '0.12.1',
24 silly addNameRange     '0.13.0',
24 silly addNameRange     '0.14.0',
24 silly addNameRange     '0.14.1',
24 silly addNameRange     '1.0.0',
24 silly addNameRange     '1.0.1',
24 silly addNameRange     '1.0.2',
24 silly addNameRange     '1.0.3',
24 silly addNameRange     '1.1.0',
24 silly addNameRange     '1.2.0',
24 silly addNameRange     '1.2.1',
24 silly addNameRange     '1.2.2',
24 silly addNameRange     '1.3.0',
24 silly addNameRange     '1.3.1',
24 silly addNameRange     '1.3.2',
24 silly addNameRange     '1.4.0',
24 silly addNameRange     '1.4.1',
24 silly addNameRange     '1.4.2',
24 silly addNameRange     '1.4.3',
24 silly addNameRange     '1.5.0',
24 silly addNameRange     '1.6.0',
24 silly addNameRange     '1.7.0',
24 silly addNameRange     '1.7.1',
24 silly addNameRange     '1.7.2',
24 silly addNameRange     '1.7.3',
24 silly addNameRange     '1.7.4',
24 silly addNameRange     '1.8.0',
24 silly addNameRange     '1.8.1',
24 silly addNameRange     '1.8.2',
24 silly addNameRange     '1.9.0',
24 silly addNameRange     '1.10.0',
24 silly addNameRange     '1.11.0',
24 silly addNameRange     '1.12.0',
24 silly addNameRange     '1.12.1',
24 silly addNameRange     '1.13.0',
24 silly addNameRange     '1.14.0',
24 silly addNameRange     '1.15.0',
24 silly addNameRange     '1.15.1',
24 silly addNameRange     '1.16.0',
24 silly addNameRange     '1.16.1',
24 silly addNameRange     '1.16.2',
24 silly addNameRange     '1.17.0',
24 silly addNameRange     '1.17.1' ] ]
25 verbose addNamed [ 'mocha', '1.17.1' ]
26 verbose addNamed [ '1.17.1', '1.17.1' ]
27 silly lockFile ead4044b-mocha-1-17-1 mocha@1.17.1
28 verbose lock mocha@1.17.1 /Users/Art/.npm/ead4044b-mocha-1-17-1.lock
29 silly lockFile a725cb3a-npmjs-org-mocha-mocha-1-17-1-tgz http://registry.npmjs.org/mocha/-/mocha-1.17.1.tgz
30 verbose lock http://registry.npmjs.org/mocha/-/mocha-1.17.1.tgz /Users/Art/.npm/a725cb3a-npmjs-org-mocha-mocha-1-17-1-tgz.lock
31 verbose addRemoteTarball [ 'http://registry.npmjs.org/mocha/-/mocha-1.17.1.tgz',
31 verbose addRemoteTarball   '7f7671d68526d074b7bae660c9099f87e0ea1ccb' ]
32 info retry fetch attempt 1 at 02:10:01
33 verbose fetch to= /var/folders/j9/zpzrfbjs28n9nw567y09yzlw0000gn/T/npm-66169-ZcFjoE0H/1391883001431-0.793463512789458/tmp.tgz
34 http GET http://registry.npmjs.org/mocha/-/mocha-1.17.1.tgz
35 http 200 http://registry.npmjs.org/mocha/-/mocha-1.17.1.tgz
36 verbose tar unpack /var/folders/j9/zpzrfbjs28n9nw567y09yzlw0000gn/T/npm-66169-ZcFjoE0H/1391883001431-0.793463512789458/tmp.tgz
37 silly lockFile e747c839-001431-0-793463512789458-package tar:///var/folders/j9/zpzrfbjs28n9nw567y09yzlw0000gn/T/npm-66169-ZcFjoE0H/1391883001431-0.793463512789458/package
38 verbose lock tar:///var/folders/j9/zpzrfbjs28n9nw567y09yzlw0000gn/T/npm-66169-ZcFjoE0H/1391883001431-0.793463512789458/package /Users/Art/.npm/e747c839-001431-0-793463512789458-package.lock
39 silly lockFile 2a92efe0-001431-0-793463512789458-tmp-tgz tar:///var/folders/j9/zpzrfbjs28n9nw567y09yzlw0000gn/T/npm-66169-ZcFjoE0H/1391883001431-0.793463512789458/tmp.tgz
40 verbose lock tar:///var/folders/j9/zpzrfbjs28n9nw567y09yzlw0000gn/T/npm-66169-ZcFjoE0H/1391883001431-0.793463512789458/tmp.tgz /Users/Art/.npm/2a92efe0-001431-0-793463512789458-tmp-tgz.lock
41 silly gunzTarPerm modes [ '755', '644' ]
42 silly gunzTarPerm extractEntry package.json
43 silly gunzTarPerm extractEntry index.js
44 silly gunzTarPerm extractEntry mocha.js
45 silly gunzTarPerm extractEntry Readme.md
46 silly gunzTarPerm extractEntry bin/_mocha
47 silly gunzTarPerm extractEntry bin/mocha
48 silly gunzTarPerm extractEntry images/error.png
49 silly gunzTarPerm extractEntry images/ok.png
50 silly gunzTarPerm extractEntry lib/utils.js
51 silly gunzTarPerm extractEntry lib/hook.js
52 silly gunzTarPerm extractEntry lib/mocha.js
53 silly gunzTarPerm extractEntry lib/ms.js
54 silly gunzTarPerm extractEntry lib/context.js
55 silly gunzTarPerm extractEntry lib/runnable.js
56 silly gunzTarPerm extractEntry lib/runner.js
57 silly gunzTarPerm extractEntry lib/suite.js
58 silly gunzTarPerm extractEntry lib/test.js
59 silly gunzTarPerm extractEntry lib/interfaces/bdd.js
60 silly gunzTarPerm extractEntry lib/interfaces/exports.js
61 silly gunzTarPerm extractEntry lib/interfaces/index.js
62 silly gunzTarPerm extractEntry lib/interfaces/qunit.js
63 silly gunzTarPerm extractEntry lib/interfaces/tdd.js
64 silly gunzTarPerm extractEntry lib/template.html
65 silly gunzTarPerm extractEntry lib/browser/debug.js
66 silly gunzTarPerm extractEntry lib/browser/diff.js
67 silly gunzTarPerm extractEntry lib/browser/events.js
68 silly gunzTarPerm extractEntry lib/browser/fs.js
69 silly gunzTarPerm extractEntry lib/browser/path.js
70 silly gunzTarPerm extractEntry lib/browser/progress.js
71 silly gunzTarPerm extractEntry lib/browser/tty.js
72 silly gunzTarPerm extractEntry lib/reporters/base.js
73 silly gunzTarPerm extractEntry lib/reporters/index.js
74 silly gunzTarPerm extractEntry lib/reporters/json-cov.js
75 silly gunzTarPerm extractEntry lib/reporters/json-stream.js
76 silly gunzTarPerm extractEntry lib/reporters/json.js
77 silly gunzTarPerm extractEntry lib/reporters/html.js
78 silly gunzTarPerm extractEntry lib/reporters/list.js
79 silly gunzTarPerm extractEntry lib/reporters/markdown.js
80 silly gunzTarPerm extractEntry lib/reporters/min.js
81 silly gunzTarPerm extractEntry lib/reporters/nyan.js
82 silly gunzTarPerm extractEntry lib/reporters/progress.js
83 silly gunzTarPerm extractEntry lib/reporters/html-cov.js
84 silly gunzTarPerm extractEntry lib/reporters/spec.js
85 silly gunzTarPerm extractEntry lib/reporters/dot.js
86 silly gunzTarPerm extractEntry lib/reporters/tap.js
87 silly gunzTarPerm extractEntry lib/reporters/doc.js
88 silly gunzTarPerm extractEntry lib/reporters/xunit.js
89 silly gunzTarPerm extractEntry lib/reporters/landing.js
90 silly gunzTarPerm extractEntry lib/reporters/templates/coverage.jade
91 silly gunzTarPerm extractEntry lib/reporters/templates/menu.jade
92 silly gunzTarPerm extractEntry lib/reporters/templates/script.html
93 silly gunzTarPerm extractEntry lib/reporters/templates/style.html
94 silly gunzTarPerm extractEntry mocha.css
95 silly lockFile e747c839-001431-0-793463512789458-package tar:///var/folders/j9/zpzrfbjs28n9nw567y09yzlw0000gn/T/npm-66169-ZcFjoE0H/1391883001431-0.793463512789458/package
96 silly lockFile e747c839-001431-0-793463512789458-package tar:///var/folders/j9/zpzrfbjs28n9nw567y09yzlw0000gn/T/npm-66169-ZcFjoE0H/1391883001431-0.793463512789458/package
97 silly lockFile 2a92efe0-001431-0-793463512789458-tmp-tgz tar:///var/folders/j9/zpzrfbjs28n9nw567y09yzlw0000gn/T/npm-66169-ZcFjoE0H/1391883001431-0.793463512789458/tmp.tgz
98 silly lockFile 2a92efe0-001431-0-793463512789458-tmp-tgz tar:///var/folders/j9/zpzrfbjs28n9nw567y09yzlw0000gn/T/npm-66169-ZcFjoE0H/1391883001431-0.793463512789458/tmp.tgz
99 verbose tar pack [ '/Users/Art/.npm/mocha/1.17.1/package.tgz',
99 verbose tar pack   '/var/folders/j9/zpzrfbjs28n9nw567y09yzlw0000gn/T/npm-66169-ZcFjoE0H/1391883001431-0.793463512789458/package' ]
100 verbose tarball /Users/Art/.npm/mocha/1.17.1/package.tgz
101 verbose folder /var/folders/j9/zpzrfbjs28n9nw567y09yzlw0000gn/T/npm-66169-ZcFjoE0H/1391883001431-0.793463512789458/package
102 silly lockFile e747c839-001431-0-793463512789458-package tar:///var/folders/j9/zpzrfbjs28n9nw567y09yzlw0000gn/T/npm-66169-ZcFjoE0H/1391883001431-0.793463512789458/package
103 verbose lock tar:///var/folders/j9/zpzrfbjs28n9nw567y09yzlw0000gn/T/npm-66169-ZcFjoE0H/1391883001431-0.793463512789458/package /Users/Art/.npm/e747c839-001431-0-793463512789458-package.lock
104 silly lockFile 77dcbc71-Art-npm-mocha-1-17-1-package-tgz tar:///Users/Art/.npm/mocha/1.17.1/package.tgz
105 verbose lock tar:///Users/Art/.npm/mocha/1.17.1/package.tgz /Users/Art/.npm/77dcbc71-Art-npm-mocha-1-17-1-package-tgz.lock
106 silly lockFile e747c839-001431-0-793463512789458-package tar:///var/folders/j9/zpzrfbjs28n9nw567y09yzlw0000gn/T/npm-66169-ZcFjoE0H/1391883001431-0.793463512789458/package
107 silly lockFile e747c839-001431-0-793463512789458-package tar:///var/folders/j9/zpzrfbjs28n9nw567y09yzlw0000gn/T/npm-66169-ZcFjoE0H/1391883001431-0.793463512789458/package
108 silly lockFile 77dcbc71-Art-npm-mocha-1-17-1-package-tgz tar:///Users/Art/.npm/mocha/1.17.1/package.tgz
109 silly lockFile 77dcbc71-Art-npm-mocha-1-17-1-package-tgz tar:///Users/Art/.npm/mocha/1.17.1/package.tgz
110 silly lockFile 53909e5c-ers-Art-npm-mocha-1-17-1-package /Users/Art/.npm/mocha/1.17.1/package
111 verbose lock /Users/Art/.npm/mocha/1.17.1/package /Users/Art/.npm/53909e5c-ers-Art-npm-mocha-1-17-1-package.lock
112 silly lockFile 53909e5c-ers-Art-npm-mocha-1-17-1-package /Users/Art/.npm/mocha/1.17.1/package
113 silly lockFile 53909e5c-ers-Art-npm-mocha-1-17-1-package /Users/Art/.npm/mocha/1.17.1/package
114 verbose tar unpack /Users/Art/.npm/mocha/1.17.1/package.tgz
115 silly lockFile 12932223-ers-Art-npm-mocha-1-17-1-package tar:///Users/Art/.npm/mocha/1.17.1/package
116 verbose lock tar:///Users/Art/.npm/mocha/1.17.1/package /Users/Art/.npm/12932223-ers-Art-npm-mocha-1-17-1-package.lock
117 silly lockFile 77dcbc71-Art-npm-mocha-1-17-1-package-tgz tar:///Users/Art/.npm/mocha/1.17.1/package.tgz
118 verbose lock tar:///Users/Art/.npm/mocha/1.17.1/package.tgz /Users/Art/.npm/77dcbc71-Art-npm-mocha-1-17-1-package-tgz.lock
119 silly gunzTarPerm modes [ '755', '644' ]
120 silly gunzTarPerm extractEntry package.json
121 silly gunzTarPerm extractEntry index.js
122 silly gunzTarPerm extractEntry mocha.js
123 silly gunzTarPerm extractEntry Readme.md
124 silly gunzTarPerm extractEntry bin/_mocha
125 silly gunzTarPerm extractEntry bin/mocha
126 silly gunzTarPerm extractEntry images/error.png
127 silly gunzTarPerm extractEntry images/ok.png
128 silly gunzTarPerm extractEntry lib/utils.js
129 silly gunzTarPerm extractEntry lib/hook.js
130 silly gunzTarPerm extractEntry lib/mocha.js
131 silly gunzTarPerm extractEntry lib/ms.js
132 silly gunzTarPerm extractEntry lib/context.js
133 silly gunzTarPerm extractEntry lib/runnable.js
134 silly gunzTarPerm extractEntry lib/runner.js
135 silly gunzTarPerm extractEntry lib/suite.js
136 silly gunzTarPerm extractEntry lib/test.js
137 silly gunzTarPerm extractEntry lib/interfaces/bdd.js
138 silly gunzTarPerm extractEntry lib/interfaces/exports.js
139 silly gunzTarPerm extractEntry lib/interfaces/index.js
140 silly gunzTarPerm extractEntry lib/interfaces/qunit.js
141 silly gunzTarPerm extractEntry lib/interfaces/tdd.js
142 silly gunzTarPerm extractEntry lib/template.html
143 silly gunzTarPerm extractEntry lib/browser/debug.js
144 silly gunzTarPerm extractEntry lib/browser/diff.js
145 silly gunzTarPerm extractEntry lib/browser/events.js
146 silly gunzTarPerm extractEntry lib/browser/fs.js
147 silly gunzTarPerm extractEntry lib/browser/path.js
148 silly gunzTarPerm extractEntry lib/browser/progress.js
149 silly gunzTarPerm extractEntry lib/browser/tty.js
150 silly gunzTarPerm extractEntry lib/reporters/base.js
151 silly gunzTarPerm extractEntry lib/reporters/index.js
152 silly gunzTarPerm extractEntry lib/reporters/json-cov.js
153 silly gunzTarPerm extractEntry lib/reporters/json-stream.js
154 silly gunzTarPerm extractEntry lib/reporters/json.js
155 silly gunzTarPerm extractEntry lib/reporters/html.js
156 silly gunzTarPerm extractEntry lib/reporters/list.js
157 silly gunzTarPerm extractEntry lib/reporters/markdown.js
158 silly gunzTarPerm extractEntry lib/reporters/min.js
159 silly gunzTarPerm extractEntry lib/reporters/nyan.js
160 silly gunzTarPerm extractEntry lib/reporters/progress.js
161 silly gunzTarPerm extractEntry lib/reporters/html-cov.js
162 silly gunzTarPerm extractEntry lib/reporters/spec.js
163 silly gunzTarPerm extractEntry lib/reporters/dot.js
164 silly gunzTarPerm extractEntry lib/reporters/tap.js
165 silly gunzTarPerm extractEntry lib/reporters/doc.js
166 silly gunzTarPerm extractEntry lib/reporters/xunit.js
167 silly gunzTarPerm extractEntry lib/reporters/landing.js
168 silly gunzTarPerm extractEntry lib/reporters/templates/coverage.jade
169 silly gunzTarPerm extractEntry lib/reporters/templates/menu.jade
170 silly gunzTarPerm extractEntry lib/reporters/templates/script.html
171 silly gunzTarPerm extractEntry lib/reporters/templates/style.html
172 silly gunzTarPerm extractEntry mocha.css
173 silly lockFile 12932223-ers-Art-npm-mocha-1-17-1-package tar:///Users/Art/.npm/mocha/1.17.1/package
174 silly lockFile 12932223-ers-Art-npm-mocha-1-17-1-package tar:///Users/Art/.npm/mocha/1.17.1/package
175 silly lockFile 77dcbc71-Art-npm-mocha-1-17-1-package-tgz tar:///Users/Art/.npm/mocha/1.17.1/package.tgz
176 silly lockFile 77dcbc71-Art-npm-mocha-1-17-1-package-tgz tar:///Users/Art/.npm/mocha/1.17.1/package.tgz
177 verbose chmod /Users/Art/.npm/mocha/1.17.1/package.tgz 644
178 verbose chown /Users/Art/.npm/mocha/1.17.1/package.tgz [ 501, 20 ]
179 silly lockFile a725cb3a-npmjs-org-mocha-mocha-1-17-1-tgz http://registry.npmjs.org/mocha/-/mocha-1.17.1.tgz
180 silly lockFile a725cb3a-npmjs-org-mocha-mocha-1-17-1-tgz http://registry.npmjs.org/mocha/-/mocha-1.17.1.tgz
181 silly lockFile ead4044b-mocha-1-17-1 mocha@1.17.1
182 silly lockFile ead4044b-mocha-1-17-1 mocha@1.17.1
183 silly lockFile b9899f31-mocha mocha@
184 silly lockFile b9899f31-mocha mocha@
185 silly resolved [ { name: 'mocha',
185 silly resolved     version: '1.17.1',
185 silly resolved     description: 'simple, flexible, fun test framework',
185 silly resolved     keywords: [ 'mocha', 'test', 'bdd', 'tdd', 'tap' ],
185 silly resolved     author: { name: 'TJ Holowaychuk', email: 'tj@vision-media.ca' },
185 silly resolved     repository: { type: 'git', url: 'git://github.com/visionmedia/mocha.git' },
185 silly resolved     main: './index',
185 silly resolved     bin: { mocha: './bin/mocha', _mocha: './bin/_mocha' },
185 silly resolved     engines: { node: '>= 0.4.x' },
185 silly resolved     scripts: { test: 'make test-all' },
185 silly resolved     dependencies:
185 silly resolved      { commander: '2.0.0',
185 silly resolved        growl: '1.7.x',
185 silly resolved        jade: '0.26.3',
185 silly resolved        diff: '1.0.7',
185 silly resolved        debug: '*',
185 silly resolved        mkdirp: '0.3.5',
185 silly resolved        glob: '3.2.3' },
185 silly resolved     devDependencies: { should: '>= 2.0.x', 'coffee-script': '1.2' },
185 silly resolved     files: [ 'bin', 'images', 'lib', 'index.js', 'mocha.css', 'mocha.js' ],
185 silly resolved     readme: ' [![Build Status](https://secure.travis-ci.org/visionmedia/mocha.png)](http://travis-ci.org/visionmedia/mocha)\n\n  [![Mocha test framework](http://f.cl.ly/items/3l1k0n2A1U3M1I1L210p/Screen%20Shot%202012-02-24%20at%202.21.43%20PM.png)](http://visionmedia.github.io/mocha)\n\n  Mocha is a simple, flexible, fun JavaScript test framework for node.js and the browser. For more information view the [documentation](http://visionmedia.github.io/mocha).\n\n## Contributors\n\n```\n\n project  : mocha\n repo age : 2 years, 4 months ago\n commits  : 1314\n active   : 372 days\n files    : 141\n authors  :\n   582    TJ Holowaychuk          44.3%\n   389    Tj Holowaychuk          29.6%\n    46    Travis Jeffery          3.5%\n    31    Guillermo Rauch         2.4%\n    13    Attila Domokos          1.0%\n    10    John Firebaugh          0.8%\n     8    Jo Liss                 0.6%\n     7    Nathan Rajlich          0.5%\n     6    Mike Pennisi            0.5%\n     6    James Carr              0.5%\n     6    Brendan Nee             0.5%\n     5    Aaron Heckmann          0.4%\n     5    Ryunosuke SATO          0.4%\n     4    hokaccha                0.3%\n     4    Joshua Krall            0.3%\n     4    Xavier Antoviaque       0.3%\n     3    Jesse Dailey            0.2%\n     3    Forbes Lindesay         0.2%\n     3    Sindre Sorhus           0.2%\n     3    Cory Thomas             0.2%\n     3    Fredrik Enestad         0.2%\n     3    Ben Lindsey             0.2%\n     3    Tyson Tate              0.2%\n     3    Mathieu Desvé          0.2%\n     3    Valentin Agachi         0.2%\n     3    Wil Moore III           0.2%\n     3    Merrick Christensen     0.2%\n     3    eiji.ienaga             0.2%\n     3    fool2fish               0.2%\n     3    Nathan Bowser           0.2%\n     3    Paul Miller             0.2%\n     2    Juzer Ali               0.2%\n     2    Pete Hawkins            0.2%\n     2    Jonas Westerlund        0.2%\n     2    Arian Stolwijk          0.2%\n     2    Quang Van               0.2%\n     2    Glen Mailer             0.2%\n     2    Justin DuJardin         0.2%\n     2    FARKAS Máté           0.2%\n     2    Raynos                  0.2%\n     2    Michael Riley           0.2%\n     2    Michael Schoonmaker     0.2%\n     2    Domenic Denicola        0.2%\n     2    Simon Gaeremynck        0.2%\n     2    Konstantin Käfer      0.2%\n     2    domenic                 0.2%\n     2    Paul Armstrong          0.2%\n     2    fcrisci                 0.2%\n     2    Alexander Early         0.2%\n     2    Shawn Krisman           0.2%\n     2    Brian Beck              0.2%\n     2    Nathan Alderson         0.2%\n     2    David Henderson         0.2%\n     2    Timo Tijhof             0.2%\n     2    Ian Storm Taylor        0.2%\n     2    travis jeffery          0.2%\n     1    Matt Smith              0.1%\n     1    Matthew Shanley         0.1%\n     1    Nathan Black            0.1%\n     1    Phil Sung               0.1%\n     1    R56                     0.1%\n     1    Refael Ackermann        0.1%\n     1    Richard Dingwall        0.1%\n     1    Romain Prieto           0.1%\n     1    Roman Neuhauser         0.1%\n     1    Roman Shtylman          0.1%\n     1    Russ Bradberry          0.1%\n     1    Russell Munson          0.1%\n     1    Rustem Mustafin         0.1%\n     1    Salehen Shovon Rahman   0.1%\n     1    Sasha Koss              0.1%\n     1    Seiya Konno             0.1%\n     1    Simon Goumaz            0.1%\n     1    Standa Opichal          0.1%\n     1    Stephen Mathieson       0.1%\n     1    Steve Mason             0.1%\n     1    Tapiwa Kelvin           0.1%\n     1    Teddy Zeenny            0.1%\n     1    Tim Ehat                0.1%\n     1    Vadim Nikitin           0.1%\n     1    Victor Costan           0.1%\n     1    Will Langstroth         0.1%\n     1    Yanis Wang              0.1%\n     1    Yuest Wang              0.1%\n     1    abrkn                   0.1%\n     1    airportyh               0.1%\n     1    badunk                  0.1%\n     1    fengmk2                 0.1%\n     1    grasGendarme            0.1%\n     1    lodr                    0.1%\n     1    tgautier@yahoo.com      0.1%\n     1    traleig1                0.1%\n     1    vlad                    0.1%\n     1    yuitest                 0.1%\n     1    Adam Crabtree           0.1%\n     1    Andreas Brekken         0.1%\n     1    Andreas Lind Petersen   0.1%\n     1    Andrew Nesbitt          0.1%\n     1    Andrey Popp             0.1%\n     1    Arnaud Brousseau        0.1%\n     1    Atsuya Takagi           0.1%\n     1    Austin Birch            0.1%\n     1    Bjørge Næss           0.1%\n     1    Brian Lalor             0.1%\n     1    Brian M. Carlson        0.1%\n     1    Brian Moore             0.1%\n     1    Bryan Donovan           0.1%\n     1    Casey Foster            0.1%\n     1    ChrisWren               0.1%\n     1    Corey Butler            0.1%\n     1    Daniel Stockman         0.1%\n     1    Dave McKenna            0.1%\n     1    Di Wu                   0.1%\n     1    Dmitry Shirokov         0.1%\n     1    Fedor Indutny           0.1%\n     1    Florian Margaine        0.1%\n     1    Frederico Silva         0.1%\n     1    Fredrik Lindin          0.1%\n     1    Gareth Murphy           0.1%\n     1    Gavin Mogan             0.1%\n     1    Glen Huang              0.1%\n     1    Greg Perkins            0.1%\n     1    Harry Brundage          0.1%\n     1    Herman Junge            0.1%\n     1    Ian Young               0.1%\n     1    Ivan                    0.1%\n     1    JP Bochi                0.1%\n     1    Jaakko Salonen          0.1%\n     1    Jakub Nešetřil      0.1%\n     1    James Bowes             0.1%\n     1    James Lal               0.1%\n     1    Jason Barry             0.1%\n     1    Javier Aranda           0.1%\n     1    Jeff Kunkle             0.1%\n     1    Jeremy Martin           0.1%\n     1    Jimmy Cuadra            0.1%\n     1    Jonathan Creamer        0.1%\n     1    Jussi Virtanen          0.1%\n     1    Katie Gengler           0.1%\n     1    Kazuhito Hokamura       0.1%\n     1    Kirill Korolyov         0.1%\n     1    Koen Punt               0.1%\n     1    Laszlo Bacsi            0.1%\n     1    Liam Newman             0.1%\n     1    László Bácsi         0.1%\n     1    Maciej Małecki         0.1%\n     1    Mal Graty               0.1%\n     1    Marc Kuo                0.1%\n     1    Matt Robenolt           0.1%\n```\n\n## Links\n\n  - [Google Group](http://groups.google.com/group/mochajs)\n  - [Wiki](https://github.com/visionmedia/mocha/wiki)\n  - Mocha [Extensions and reporters](https://github.com/visionmedia/mocha/wiki)\n',
185 silly resolved     readmeFilename: 'Readme.md',
185 silly resolved     bugs: { url: 'https://github.com/visionmedia/mocha/issues' },
185 silly resolved     homepage: 'https://github.com/visionmedia/mocha',
185 silly resolved     _id: 'mocha@1.17.1',
185 silly resolved     dist: { shasum: '7f7671d68526d074b7bae660c9099f87e0ea1ccb' },
185 silly resolved     _from: 'mocha@',
185 silly resolved     _resolved: 'http://registry.npmjs.org/mocha/-/mocha-1.17.1.tgz' } ]
186 info install mocha@1.17.1 into /usr/local/lib
187 info installOne mocha@1.17.1
188 info /usr/local/lib/node_modules/mocha unbuild
189 verbose tar unpack /Users/Art/.npm/mocha/1.17.1/package.tgz
190 silly lockFile 746f3f6f-usr-local-lib-node-modules-mocha tar:///usr/local/lib/node_modules/mocha
191 verbose lock tar:///usr/local/lib/node_modules/mocha /Users/Art/.npm/746f3f6f-usr-local-lib-node-modules-mocha.lock
192 silly lockFile 77dcbc71-Art-npm-mocha-1-17-1-package-tgz tar:///Users/Art/.npm/mocha/1.17.1/package.tgz
193 verbose lock tar:///Users/Art/.npm/mocha/1.17.1/package.tgz /Users/Art/.npm/77dcbc71-Art-npm-mocha-1-17-1-package-tgz.lock
194 silly gunzTarPerm modes [ '755', '644' ]
195 error Error: EACCES, mkdir '/usr/local/lib/node_modules/mocha'
195 error  { [Error: EACCES, mkdir '/usr/local/lib/node_modules/mocha']
195 error   errno: 3,
195 error   code: 'EACCES',
195 error   path: '/usr/local/lib/node_modules/mocha',
195 error   fstream_type: 'Directory',
195 error   fstream_path: '/usr/local/lib/node_modules/mocha',
195 error   fstream_class: 'DirWriter',
195 error   fstream_stack:
195 error    [ '/usr/local/lib/node_modules/npm/node_modules/fstream/lib/dir-writer.js:36:23',
195 error      '/usr/local/lib/node_modules/npm/node_modules/mkdirp/index.js:37:53',
195 error      'Object.oncomplete (fs.js:107:15)' ] }
196 error Please try running this command again as root/Administrator.
197 error System Darwin 13.0.0
198 error command "node" "/usr/local/bin/npm" "install" "-g" "mocha"
199 error cwd /Users/Art/Sites/project/ng-trans.css
200 error node -v v0.10.25
201 error npm -v 1.3.24
202 error path /usr/local/lib/node_modules/mocha
203 error fstream_path /usr/local/lib/node_modules/mocha
204 error fstream_type Directory
205 error fstream_class DirWriter
206 error code EACCES
207 error errno 3
208 error stack Error: EACCES, mkdir '/usr/local/lib/node_modules/mocha'
209 error fstream_stack /usr/local/lib/node_modules/npm/node_modules/fstream/lib/dir-writer.js:36:23
209 error fstream_stack /usr/local/lib/node_modules/npm/node_modules/mkdirp/index.js:37:53
209 error fstream_stack Object.oncomplete (fs.js:107:15)
210 verbose exit [ 3, true ]
